mode: set
github.com/ZupIT/ritchie-cli/pkg/autocomplete/generator.go:43.60,45.2 1 1
github.com/ZupIT/ritchie-cli/pkg/autocomplete/generator.go:47.85,48.60 1 1
github.com/ZupIT/ritchie-cli/pkg/autocomplete/generator.go:51.2,55.20 4 1
github.com/ZupIT/ritchie-cli/pkg/autocomplete/generator.go:65.2,65.26 1 1
github.com/ZupIT/ritchie-cli/pkg/autocomplete/generator.go:48.60,50.3 1 1
github.com/ZupIT/ritchie-cli/pkg/autocomplete/generator.go:56.12,57.72 1 1
github.com/ZupIT/ritchie-cli/pkg/autocomplete/generator.go:58.11,59.30 1 1
github.com/ZupIT/ritchie-cli/pkg/autocomplete/generator.go:60.12,61.38 1 1
github.com/ZupIT/ritchie-cli/pkg/autocomplete/generator.go:62.18,63.44 1 1
github.com/ZupIT/ritchie-cli/pkg/autocomplete/generator.go:68.59,70.68 2 1
github.com/ZupIT/ritchie-cli/pkg/autocomplete/generator.go:73.2,73.29 1 1
github.com/ZupIT/ritchie-cli/pkg/autocomplete/generator.go:70.68,72.3 1 0
github.com/ZupIT/ritchie-cli/pkg/autocomplete/generator.go:76.53,78.68 2 1
github.com/ZupIT/ritchie-cli/pkg/autocomplete/generator.go:81.2,81.29 1 1
github.com/ZupIT/ritchie-cli/pkg/autocomplete/generator.go:78.68,80.3 1 0
github.com/ZupIT/ritchie-cli/pkg/autocomplete/generator.go:84.40,89.2 4 1
github.com/ZupIT/ritchie-cli/pkg/autocomplete/generator.go:91.39,96.2 4 1
github.com/ZupIT/ritchie-cli/pkg/autocomplete/generator.go:98.49,103.33 4 1
github.com/ZupIT/ritchie-cli/pkg/autocomplete/generator.go:110.2,110.20 1 1
github.com/ZupIT/ritchie-cli/pkg/autocomplete/generator.go:103.33,109.3 5 0
github.com/ZupIT/ritchie-cli/pkg/autocomplete/generator.go:113.52,115.17 2 0
github.com/ZupIT/ritchie-cli/pkg/autocomplete/generator.go:118.2,118.17 1 0
github.com/ZupIT/ritchie-cli/pkg/autocomplete/generator.go:115.17,117.3 1 0
github.com/ZupIT/ritchie-cli/pkg/autocomplete/generator.go:121.66,123.23 2 1
github.com/ZupIT/ritchie-cli/pkg/autocomplete/generator.go:130.2,131.31 2 1
github.com/ZupIT/ritchie-cli/pkg/autocomplete/generator.go:143.2,143.17 1 1
github.com/ZupIT/ritchie-cli/pkg/autocomplete/generator.go:123.23,128.3 4 0
github.com/ZupIT/ritchie-cli/pkg/autocomplete/generator.go:131.31,133.33 2 0
github.com/ZupIT/ritchie-cli/pkg/autocomplete/generator.go:133.33,135.36 2 0
github.com/ZupIT/ritchie-cli/pkg/autocomplete/generator.go:135.36,140.5 1 0
github.com/ZupIT/ritchie-cli/pkg/autocomplete/generator.go:146.70,148.27 2 1
github.com/ZupIT/ritchie-cli/pkg/autocomplete/generator.go:166.2,166.11 1 1
github.com/ZupIT/ritchie-cli/pkg/autocomplete/generator.go:148.27,152.33 4 0
github.com/ZupIT/ritchie-cli/pkg/autocomplete/generator.go:155.3,155.32 1 0
github.com/ZupIT/ritchie-cli/pkg/autocomplete/generator.go:158.3,164.4 1 0
github.com/ZupIT/ritchie-cli/pkg/autocomplete/generator.go:152.33,154.4 1 0
github.com/ZupIT/ritchie-cli/pkg/autocomplete/generator.go:155.32,157.4 1 0
github.com/ZupIT/ritchie-cli/pkg/autocomplete/generator.go:169.49,172.2 2 0
github.com/ZupIT/ritchie-cli/pkg/autocomplete/autocomplete.go:25.36,27.2 1 1
github.com/ZupIT/ritchie-cli/pkg/credential/credsingle/setter.go:16.60,21.2 1 1
github.com/ZupIT/ritchie-cli/pkg/credential/credsingle/setter.go:23.51,25.16 2 1
github.com/ZupIT/ritchie-cli/pkg/credential/credsingle/setter.go:31.2,32.16 2 1
github.com/ZupIT/ritchie-cli/pkg/credential/credsingle/setter.go:36.2,37.65 2 1
github.com/ZupIT/ritchie-cli/pkg/credential/credsingle/setter.go:41.2,42.67 2 1
github.com/ZupIT/ritchie-cli/pkg/credential/credsingle/setter.go:46.2,46.12 1 1
github.com/ZupIT/ritchie-cli/pkg/credential/credsingle/setter.go:25.16,27.3 1 0
github.com/ZupIT/ritchie-cli/pkg/credential/credsingle/setter.go:27.8,27.30 1 1
github.com/ZupIT/ritchie-cli/pkg/credential/credsingle/setter.go:27.30,29.3 1 1
github.com/ZupIT/ritchie-cli/pkg/credential/credsingle/setter.go:32.16,34.3 1 0
github.com/ZupIT/ritchie-cli/pkg/credential/credsingle/setter.go:37.65,39.3 1 0
github.com/ZupIT/ritchie-cli/pkg/credential/credsingle/setter.go:42.67,44.3 1 0
github.com/ZupIT/ritchie-cli/pkg/credential/credsingle/settings.go:18.73,20.2 1 1
github.com/ZupIT/ritchie-cli/pkg/credential/credsingle/settings.go:22.81,26.25 2 1
github.com/ZupIT/ritchie-cli/pkg/credential/credsingle/settings.go:34.2,34.20 1 1
github.com/ZupIT/ritchie-cli/pkg/credential/credsingle/settings.go:26.25,29.17 3 1
github.com/ZupIT/ritchie-cli/pkg/credential/credsingle/settings.go:29.17,31.4 1 0
github.com/ZupIT/ritchie-cli/pkg/credential/credsingle/settings.go:37.87,39.16 2 1
github.com/ZupIT/ritchie-cli/pkg/credential/credsingle/settings.go:42.2,43.16 2 1
github.com/ZupIT/ritchie-cli/pkg/credential/credsingle/settings.go:47.2,47.12 1 1
github.com/ZupIT/ritchie-cli/pkg/credential/credsingle/settings.go:39.16,41.3 1 0
github.com/ZupIT/ritchie-cli/pkg/credential/credsingle/settings.go:43.16,45.3 1 0
github.com/ZupIT/ritchie-cli/pkg/credential/credsingle/settings.go:52.68,53.26 1 1
github.com/ZupIT/ritchie-cli/pkg/credential/credsingle/settings.go:57.2,57.12 1 0
github.com/ZupIT/ritchie-cli/pkg/credential/credsingle/settings.go:53.26,56.3 2 1
github.com/ZupIT/ritchie-cli/pkg/credential/credsingle/settings.go:60.48,96.2 7 1
github.com/ZupIT/ritchie-cli/pkg/credential/credsingle/settings.go:98.28,102.2 3 1
github.com/ZupIT/ritchie-cli/pkg/credential/credsingle/settings.go:104.56,106.24 2 1
github.com/ZupIT/ritchie-cli/pkg/credential/credsingle/settings.go:111.2,112.20 2 1
github.com/ZupIT/ritchie-cli/pkg/credential/credsingle/settings.go:106.24,107.18 1 1
github.com/ZupIT/ritchie-cli/pkg/credential/credsingle/settings.go:107.18,109.4 1 1
github.com/ZupIT/ritchie-cli/pkg/credential/credsingle/finder.go:16.60,21.2 1 1
github.com/ZupIT/ritchie-cli/pkg/credential/credsingle/finder.go:23.66,25.16 2 1
github.com/ZupIT/ritchie-cli/pkg/credential/credsingle/finder.go:31.2,32.16 2 1
github.com/ZupIT/ritchie-cli/pkg/credential/credsingle/finder.go:36.2,37.49 2 1
github.com/ZupIT/ritchie-cli/pkg/credential/credsingle/finder.go:41.2,41.19 1 1
github.com/ZupIT/ritchie-cli/pkg/credential/credsingle/finder.go:25.16,27.3 1 0
github.com/ZupIT/ritchie-cli/pkg/credential/credsingle/finder.go:27.8,27.30 1 1
github.com/ZupIT/ritchie-cli/pkg/credential/credsingle/finder.go:27.30,29.3 1 1
github.com/ZupIT/ritchie-cli/pkg/credential/credsingle/finder.go:32.16,34.3 1 0
github.com/ZupIT/ritchie-cli/pkg/credential/credsingle/finder.go:37.49,39.3 1 0
github.com/ZupIT/ritchie-cli/pkg/credential/credsingle/path.go:12.39,14.2 1 1
github.com/ZupIT/ritchie-cli/pkg/credential/credsingle/path.go:16.50,18.2 1 1
github.com/ZupIT/ritchie-cli/pkg/crypto/cryptoutil/crypto_util.go:15.36,17.2 1 1
github.com/ZupIT/ritchie-cli/pkg/crypto/cryptoutil/crypto_util.go:19.36,21.16 2 1
github.com/ZupIT/ritchie-cli/pkg/crypto/cryptoutil/crypto_util.go:24.2,24.13 1 1
github.com/ZupIT/ritchie-cli/pkg/crypto/cryptoutil/crypto_util.go:21.16,22.13 1 0
github.com/ZupIT/ritchie-cli/pkg/crypto/cryptoutil/crypto_util.go:28.46,30.16 2 1
github.com/ZupIT/ritchie-cli/pkg/crypto/cryptoutil/crypto_util.go:33.2,37.33 5 1
github.com/ZupIT/ritchie-cli/pkg/crypto/cryptoutil/crypto_util.go:30.16,31.13 1 0
github.com/ZupIT/ritchie-cli/pkg/crypto/cryptoutil/crypto_util.go:41.46,43.16 2 1
github.com/ZupIT/ritchie-cli/pkg/crypto/cryptoutil/crypto_util.go:46.2,50.26 5 1
github.com/ZupIT/ritchie-cli/pkg/crypto/cryptoutil/crypto_util.go:43.16,44.13 1 0
github.com/ZupIT/ritchie-cli/pkg/crypto/cryptoutil/crypto_util.go:54.34,57.2 2 0
github.com/ZupIT/ritchie-cli/pkg/crypto/cryptoutil/crypto_util.go:60.37,62.2 1 0
github.com/ZupIT/ritchie-cli/pkg/crypto/cryptoutil/crypto_util.go:65.50,67.16 2 0
github.com/ZupIT/ritchie-cli/pkg/crypto/cryptoutil/crypto_util.go:71.2,73.16 3 0
github.com/ZupIT/ritchie-cli/pkg/crypto/cryptoutil/crypto_util.go:77.2,78.16 2 0
github.com/ZupIT/ritchie-cli/pkg/crypto/cryptoutil/crypto_util.go:82.2,84.17 2 0
github.com/ZupIT/ritchie-cli/pkg/crypto/cryptoutil/crypto_util.go:67.16,69.3 1 0
github.com/ZupIT/ritchie-cli/pkg/crypto/cryptoutil/crypto_util.go:73.16,75.3 1 0
github.com/ZupIT/ritchie-cli/pkg/crypto/cryptoutil/crypto_util.go:78.16,80.3 1 0
github.com/ZupIT/ritchie-cli/pkg/formula/create_builder.go:8.78,10.2 1 0
github.com/ZupIT/ritchie-cli/pkg/formula/formula.go:114.54,116.2 1 1
github.com/ZupIT/ritchie-cli/pkg/formula/formula.go:120.57,123.2 2 1
github.com/ZupIT/ritchie-cli/pkg/formula/formula.go:126.55,128.2 1 1
github.com/ZupIT/ritchie-cli/pkg/formula/formula.go:130.39,132.36 2 1
github.com/ZupIT/ritchie-cli/pkg/formula/formula.go:135.2,135.14 1 1
github.com/ZupIT/ritchie-cli/pkg/formula/formula.go:132.36,134.3 1 0
github.com/ZupIT/ritchie-cli/pkg/formula/formula.go:139.51,141.2 1 1
github.com/ZupIT/ritchie-cli/pkg/formula/formula.go:144.60,146.2 1 1
github.com/ZupIT/ritchie-cli/pkg/formula/formula.go:149.41,152.2 2 1
github.com/ZupIT/ritchie-cli/pkg/formula/formula.go:154.34,157.2 2 1
github.com/ZupIT/ritchie-cli/pkg/formula/repo.go:13.26,15.2 1 0
github.com/ZupIT/ritchie-cli/pkg/formula/repo.go:17.36,19.2 1 0
github.com/ZupIT/ritchie-cli/pkg/formula/repo.go:21.31,23.2 1 0
github.com/ZupIT/ritchie-cli/pkg/formula/repo.go:27.35,29.2 1 0
github.com/ZupIT/ritchie-cli/pkg/formula/repo.go:33.38,35.2 1 0
